{
  "RSpec": {
    "coverage": {
      "/Users/tywest/turing/3module/projects/rails_engine_project/rails_engine/app/models/customer.rb": [
        1,
        1,
        1,
        null
      ],
      "/Users/tywest/turing/3module/projects/rails_engine_project/rails_engine/app/models/application_record.rb": [
        1,
        1,
        null
      ],
      "/Users/tywest/turing/3module/projects/rails_engine_project/rails_engine/spec/models/invoice_item_spec.rb": [
        1,
        null,
        1,
        null,
        null
      ],
      "/Users/tywest/turing/3module/projects/rails_engine_project/rails_engine/app/models/invoice_item.rb": [
        1,
        1,
        1,
        null
      ],
      "/Users/tywest/turing/3module/projects/rails_engine_project/rails_engine/spec/models/invoice_spec.rb": [
        1,
        null,
        1,
        null,
        null
      ],
      "/Users/tywest/turing/3module/projects/rails_engine_project/rails_engine/app/models/invoice.rb": [
        1,
        1,
        1,
        1,
        1,
        1,
        null
      ],
      "/Users/tywest/turing/3module/projects/rails_engine_project/rails_engine/spec/models/item_spec.rb": [
        1,
        null,
        1,
        null,
        null
      ],
      "/Users/tywest/turing/3module/projects/rails_engine_project/rails_engine/app/models/item.rb": [
        1,
        1,
        1,
        1,
        null
      ],
      "/Users/tywest/turing/3module/projects/rails_engine_project/rails_engine/spec/models/merchant_spec.rb": [
        1,
        null,
        1,
        null,
        null
      ],
      "/Users/tywest/turing/3module/projects/rails_engine_project/rails_engine/app/models/merchant.rb": [
        1,
        1,
        1,
        1,
        1,
        null,
        1,
        null,
        null,
        null,
        1,
        null,
        null
      ],
      "/Users/tywest/turing/3module/projects/rails_engine_project/rails_engine/spec/models/transaction_spec.rb": [
        1,
        null,
        1,
        null,
        null
      ],
      "/Users/tywest/turing/3module/projects/rails_engine_project/rails_engine/app/models/transaction.rb": [
        1,
        1,
        null,
        1,
        null,
        null
      ],
      "/Users/tywest/turing/3module/projects/rails_engine_project/rails_engine/spec/requests/api/v1/business_intelligence/merchant_revenue_spec.rb": [
        1,
        null,
        1,
        1,
        1,
        1,
        1,
        1,
        1,
        1,
        1,
        1,
        null,
        1,
        null,
        1,
        1,
        1,
        null,
        null
      ],
      "/Users/tywest/turing/3module/projects/rails_engine_project/rails_engine/spec/requests/api/v1/records/customer_request_spec.rb": [
        1,
        null,
        1,
        1,
        1,
        null,
        1,
        null,
        1,
        null,
        1,
        null,
        1,
        null,
        null,
        1,
        1,
        null,
        1,
        null,
        1,
        null,
        1,
        1,
        null,
        null,
        1,
        1,
        1,
        null,
        1,
        null,
        1,
        null,
        1,
        null,
        1,
        null,
        null,
        1,
        1,
        null,
        1,
        null,
        1,
        null,
        1,
        null,
        1,
        null,
        null,
        1,
        1,
        null,
        1,
        null,
        1,
        null,
        1,
        null,
        1,
        null,
        null,
        1,
        1,
        null,
        1,
        null,
        1,
        null,
        1,
        null,
        1,
        null,
        null,
        1,
        1,
        null,
        1,
        null,
        1,
        null,
        1,
        null,
        1,
        null,
        null,
        1,
        1,
        null,
        1,
        null,
        1,
        1,
        1,
        1,
        null,
        null,
        1,
        1,
        null,
        1,
        null,
        1,
        1,
        1,
        null,
        null,
        1,
        1,
        null,
        1,
        null,
        1,
        1,
        1,
        null,
        null,
        1,
        1,
        null,
        1,
        null,
        1,
        1,
        6,
        6,
        null,
        null,
        1,
        1,
        1,
        null,
        1,
        null,
        1,
        1,
        1,
        null,
        null,
        1,
        1,
        1,
        null,
        1,
        null,
        1,
        1,
        1,
        null,
        null,
        1,
        1,
        1,
        1,
        null,
        1,
        null,
        1,
        1,
        1,
        1,
        null,
        null,
        1,
        1,
        1,
        1,
        null,
        1,
        null,
        1,
        1,
        1,
        1,
        null,
        null,
        null
      ],
      "/Users/tywest/turing/3module/projects/rails_engine_project/rails_engine/spec/requests/api/v1/records/invoices_request_spec.rb": [
        1,
        null,
        1,
        10,
        10,
        1,
        9,
        null,
        null,
        1,
        1,
        null,
        1,
        null,
        1,
        null,
        1,
        1,
        null,
        null,
        null,
        1,
        1,
        1,
        null,
        1,
        null,
        1,
        null,
        1,
        1,
        null,
        null,
        null,
        1,
        1,
        null,
        1,
        null,
        1,
        null,
        1,
        null,
        1,
        null,
        null,
        1,
        1,
        null,
        1,
        null,
        1,
        null,
        1,
        null,
        null,
        1,
        1,
        null,
        1,
        null,
        1,
        null,
        1,
        null,
        null,
        1,
        1,
        null,
        1,
        null,
        1,
        null,
        1,
        null,
        null,
        1,
        1,
        null,
        1,
        null,
        1,
        null,
        1,
        null,
        null,
        null,
        1,
        1,
        1,
        null,
        1,
        null,
        1,
        null,
        1,
        null,
        null,
        1,
        1,
        null,
        1,
        null,
        1,
        null,
        1,
        null,
        null,
        null
      ],
      "/Users/tywest/turing/3module/projects/rails_engine_project/rails_engine/spec/requests/api/v1/records/items_request_spec.rb": [
        1,
        null,
        1,
        11,
        1,
        10,
        null,
        null,
        1,
        1,
        null,
        1,
        null,
        1,
        null,
        1,
        1,
        null,
        null,
        null,
        1,
        1,
        1,
        null,
        1,
        null,
        1,
        null,
        1,
        1,
        null,
        null,
        null,
        1,
        1,
        null,
        1,
        null,
        1,
        null,
        1,
        null,
        1,
        null,
        null,
        1,
        1,
        null,
        1,
        null,
        1,
        null,
        1,
        null,
        null,
        1,
        1,
        null,
        1,
        null,
        1,
        null,
        1,
        null,
        null,
        1,
        1,
        null,
        1,
        null,
        1,
        null,
        1,
        null,
        null,
        1,
        1,
        null,
        1,
        null,
        1,
        null,
        1,
        null,
        null,
        null,
        1,
        1,
        1,
        null,
        1,
        null,
        1,
        null,
        1,
        null,
        null,
        1,
        1,
        null,
        1,
        null,
        1,
        null,
        1,
        null,
        null,
        1,
        1,
        null,
        1,
        null,
        1,
        null,
        1,
        null,
        null,
        null
      ],
      "/Users/tywest/turing/3module/projects/rails_engine_project/rails_engine/spec/requests/api/v1/records/merchants_request_spec.rb": [
        1,
        null,
        1,
        1,
        1,
        null,
        1,
        null,
        1,
        null,
        1,
        null,
        1,
        null,
        null,
        1,
        1,
        null,
        1,
        null,
        1,
        null,
        1,
        1,
        null,
        null,
        1,
        1,
        1,
        null,
        1,
        null,
        1,
        null,
        1,
        null,
        1,
        null,
        null,
        1,
        1,
        null,
        1,
        null,
        1,
        null,
        1,
        null,
        1,
        null,
        null,
        1,
        1,
        null,
        1,
        null,
        1,
        null,
        1,
        null,
        1,
        null,
        null,
        1,
        1,
        null,
        1,
        null,
        1,
        1,
        1,
        1,
        null,
        null,
        1,
        1,
        null,
        1,
        null,
        1,
        1,
        1,
        null,
        null,
        1,
        1,
        null,
        1,
        null,
        1,
        1,
        6,
        null,
        null,
        1,
        1,
        1,
        null,
        1,
        null,
        1,
        1,
        1,
        null,
        null,
        1,
        1,
        1,
        null,
        1,
        null,
        1,
        1,
        1,
        null,
        null,
        1,
        1,
        1,
        1,
        null,
        1,
        null,
        1,
        1,
        1,
        1,
        null,
        null,
        1,
        1,
        1,
        1,
        null,
        1,
        null,
        1,
        1,
        1,
        1,
        null,
        null,
        null
      ],
      "/Users/tywest/turing/3module/projects/rails_engine_project/rails_engine/spec/requests/api/v1/relationships/invoice_spec.rb": [
        1,
        null,
        1,
        6,
        6,
        null,
        1,
        1,
        1,
        1,
        null,
        1,
        null,
        1,
        null,
        1,
        1,
        null,
        null,
        1,
        1,
        1,
        1,
        null,
        null,
        1,
        null,
        1,
        1,
        1,
        null,
        null,
        1,
        1,
        1,
        1,
        null,
        1,
        1,
        1,
        1,
        null,
        null,
        1,
        1,
        null,
        1,
        null,
        1,
        1,
        1,
        1,
        null,
        null,
        1,
        1,
        null,
        1,
        null,
        1,
        1,
        1,
        null,
        null
      ],
      "/Users/tywest/turing/3module/projects/rails_engine_project/rails_engine/spec/requests/api/v1/relationships/merchant_spec.rb": [
        1,
        null,
        1,
        1,
        1,
        1,
        null,
        1,
        null,
        1,
        null,
        1,
        null,
        1,
        null,
        null,
        1,
        1,
        1,
        1,
        null,
        1,
        null,
        1,
        null,
        1,
        null,
        1,
        null,
        null
      ],
      "/Users/tywest/turing/3module/projects/rails_engine_project/rails_engine/app/controllers/api/v1/merchants/revenue_controller.rb": [
        1,
        1,
        1,
        null,
        null
      ],
      "/Users/tywest/turing/3module/projects/rails_engine_project/rails_engine/app/controllers/application_controller.rb": [
        1,
        null
      ],
      "/Users/tywest/turing/3module/projects/rails_engine_project/rails_engine/app/serializers/merchant_revenue_serializer.rb": [
        1,
        1,
        null,
        1,
        1,
        null,
        null
      ],
      "/Users/tywest/turing/3module/projects/rails_engine_project/rails_engine/app/controllers/api/v1/customers_controller.rb": [
        1,
        1,
        1,
        null,
        null,
        1,
        1,
        null,
        null
      ],
      "/Users/tywest/turing/3module/projects/rails_engine_project/rails_engine/app/serializers/customer_serializer.rb": [
        1,
        1,
        null
      ],
      "/Users/tywest/turing/3module/projects/rails_engine_project/rails_engine/app/controllers/api/v1/customers/search_controller.rb": [
        1,
        1,
        7,
        null,
        null,
        1,
        4,
        null,
        null,
        1,
        1,
        11,
        null,
        null
      ],
      "/Users/tywest/turing/3module/projects/rails_engine_project/rails_engine/app/controllers/api/v1/customers/random_controller.rb": [
        1,
        1,
        1,
        null,
        null
      ],
      "/Users/tywest/turing/3module/projects/rails_engine_project/rails_engine/app/controllers/api/v1/merchants/search_controller.rb": [
        1,
        1,
        5,
        null,
        null,
        1,
        5,
        null,
        null,
        1,
        1,
        10,
        null,
        null
      ],
      "/Users/tywest/turing/3module/projects/rails_engine_project/rails_engine/app/serializers/merchant_serializer.rb": [
        1,
        1,
        null
      ],
      "/Users/tywest/turing/3module/projects/rails_engine_project/rails_engine/app/controllers/api/v1/invoices_controller.rb": [
        1,
        1,
        1,
        null,
        null,
        1,
        1,
        null,
        null
      ],
      "/Users/tywest/turing/3module/projects/rails_engine_project/rails_engine/app/serializers/invoice_serializer.rb": [
        1,
        1,
        null
      ],
      "/Users/tywest/turing/3module/projects/rails_engine_project/rails_engine/app/controllers/api/v1/invoices/search_controller.rb": [
        1,
        1,
        5,
        null,
        null,
        1,
        2,
        null,
        null,
        1,
        1,
        7,
        null,
        null
      ],
      "/Users/tywest/turing/3module/projects/rails_engine_project/rails_engine/app/controllers/api/v1/items_controller.rb": [
        1,
        1,
        1,
        null,
        null,
        1,
        1,
        null,
        null
      ],
      "/Users/tywest/turing/3module/projects/rails_engine_project/rails_engine/app/serializers/item_serializer.rb": [
        1,
        null,
        1,
        null,
        1,
        21,
        null,
        null
      ],
      "/Users/tywest/turing/3module/projects/rails_engine_project/rails_engine/app/controllers/api/v1/items/search_controller.rb": [
        1,
        1,
        5,
        null,
        null,
        1,
        3,
        null,
        null,
        1,
        1,
        8,
        null,
        null
      ],
      "/Users/tywest/turing/3module/projects/rails_engine_project/rails_engine/app/controllers/api/v1/merchants_controller.rb": [
        1,
        1,
        1,
        null,
        null,
        1,
        1,
        null,
        null
      ],
      "/Users/tywest/turing/3module/projects/rails_engine_project/rails_engine/app/controllers/api/v1/merchants/random_controller.rb": [
        1,
        1,
        1,
        null,
        null
      ],
      "/Users/tywest/turing/3module/projects/rails_engine_project/rails_engine/app/controllers/api/v1/invoices/transactions_controller.rb": [
        1,
        1,
        1,
        null,
        null
      ],
      "/Users/tywest/turing/3module/projects/rails_engine_project/rails_engine/app/controllers/api/v1/invoices/invoice_items_controller.rb": [
        1,
        null,
        1,
        1,
        null,
        null
      ],
      "/Users/tywest/turing/3module/projects/rails_engine_project/rails_engine/app/controllers/api/v1/invoices/items_controller.rb": [
        1,
        1,
        1,
        null,
        null
      ],
      "/Users/tywest/turing/3module/projects/rails_engine_project/rails_engine/app/controllers/api/v1/invoices/customer_controller.rb": [
        1,
        1,
        1,
        null,
        null
      ],
      "/Users/tywest/turing/3module/projects/rails_engine_project/rails_engine/app/controllers/api/v1/invoices/merchant_controller.rb": [
        1,
        1,
        1,
        null,
        null
      ],
      "/Users/tywest/turing/3module/projects/rails_engine_project/rails_engine/app/controllers/api/v1/merchants/items_controller.rb": [
        1,
        1,
        1,
        null,
        null
      ],
      "/Users/tywest/turing/3module/projects/rails_engine_project/rails_engine/app/controllers/api/v1/merchants/invoices_controller.rb": [
        1,
        1,
        1,
        null,
        null
      ]
    },
    "timestamp": 1530211982
  }
}
